Analysis & Synthesis report for SimVGA
Mon Jan 13 23:10:52 2025
Quartus Prime Version 23.1std.1 Build 993 05/14/2024 SC Lite Edition


---------------------
; Table of Contents ;
---------------------
  1. Legal Notice
  2. Analysis & Synthesis Summary
  3. Analysis & Synthesis Settings
  4. Parallel Compilation
  5. Analysis & Synthesis Source Files Read
  6. Analysis & Synthesis Resource Usage Summary
  7. Analysis & Synthesis Resource Utilization by Entity
  8. Analysis & Synthesis RAM Summary
  9. State Machine - |SimVGA|ps2:u1|state
 10. Registers Removed During Synthesis
 11. General Register Statistics
 12. Registers Packed Into Inferred Megafunctions
 13. Multiplexer Restructuring Statistics (Restructuring Performed)
 14. Source assignments for altsyncram:charf_rtl_0|altsyncram_m2h1:auto_generated
 15. Parameter Settings for User Entity Instance: PLL_clk10MHz:U0|altpll:altpll_component
 16. Parameter Settings for User Entity Instance: vga:u0
 17. Parameter Settings for User Entity Instance: ps2:u1|deb:deb_inst
 18. Parameter Settings for Inferred Entity Instance: altsyncram:charf_rtl_0
 19. altpll Parameter Settings by Entity Instance
 20. altsyncram Parameter Settings by Entity Instance
 21. Port Connectivity Checks: "ps2:u1|hex:hex_inst_4"
 22. Port Connectivity Checks: "ps2:u1|hex:hex_inst_3"
 23. Port Connectivity Checks: "ps2:u1|hex:hex_inst_2"
 24. Port Connectivity Checks: "ps2:u1|hex:hex_inst_1"
 25. Port Connectivity Checks: "ps2:u1"
 26. Port Connectivity Checks: "vga:u0"
 27. Post-Synthesis Netlist Statistics for Top Partition
 28. Elapsed Time Per Partition
 29. Analysis & Synthesis Messages
 30. Analysis & Synthesis Suppressed Messages



----------------
; Legal Notice ;
----------------
Copyright (C) 2024  Intel Corporation. All rights reserved.
Your use of Intel Corporation's design tools, logic functions 
and other software and tools, and any partner logic 
functions, and any output files from any of the foregoing 
(including device programming or simulation files), and any 
associated documentation or information are expressly subject 
to the terms and conditions of the Intel Program License 
Subscription Agreement, the Intel Quartus Prime License Agreement,
the Intel FPGA IP License Agreement, or other applicable license
agreement, including, without limitation, that your use is for
the sole purpose of programming logic devices manufactured by
Intel and sold by Intel or its authorized distributors.  Please
refer to the applicable agreement for further details, at
https://fpgasoftware.intel.com/eula.



+-------------------------------------------------------------------------------------+
; Analysis & Synthesis Summary                                                        ;
+------------------------------------+------------------------------------------------+
; Analysis & Synthesis Status        ; Successful - Mon Jan 13 23:10:52 2025          ;
; Quartus Prime Version              ; 23.1std.1 Build 993 05/14/2024 SC Lite Edition ;
; Revision Name                      ; SimVGA                                         ;
; Top-level Entity Name              ; SimVGA                                         ;
; Family                             ; Cyclone IV E                                   ;
; Total logic elements               ; 276                                            ;
;     Total combinational functions  ; 260                                            ;
;     Dedicated logic registers      ; 158                                            ;
; Total registers                    ; 158                                            ;
; Total pins                         ; 24                                             ;
; Total virtual pins                 ; 0                                              ;
; Total memory bits                  ; 14,400                                         ;
; Embedded Multiplier 9-bit elements ; 0                                              ;
; Total PLLs                         ; 1                                              ;
+------------------------------------+------------------------------------------------+


+------------------------------------------------------------------------------------------------------------+
; Analysis & Synthesis Settings                                                                              ;
+------------------------------------------------------------------+--------------------+--------------------+
; Option                                                           ; Setting            ; Default Value      ;
+------------------------------------------------------------------+--------------------+--------------------+
; Device                                                           ; EP4CE6E22C8        ;                    ;
; Top-level entity name                                            ; SimVGA             ; SimVGA             ;
; Family name                                                      ; Cyclone IV E       ; Cyclone V          ;
; Verilog Show LMF Mapping Messages                                ; Off                ;                    ;
; Verilog Version                                                  ; SystemVerilog_2005 ; Verilog_2001       ;
; Auto RAM to Logic Cell Conversion                                ; On                 ; Off                ;
; Auto Resource Sharing                                            ; On                 ; Off                ;
; Use smart compilation                                            ; Off                ; Off                ;
; Enable parallel Assembler and Timing Analyzer during compilation ; On                 ; On                 ;
; Enable compact report table                                      ; Off                ; Off                ;
; Restructure Multiplexers                                         ; Auto               ; Auto               ;
; Create Debugging Nodes for IP Cores                              ; Off                ; Off                ;
; Preserve fewer node names                                        ; On                 ; On                 ;
; Intel FPGA IP Evaluation Mode                                    ; Enable             ; Enable             ;
; VHDL Version                                                     ; VHDL_1993          ; VHDL_1993          ;
; State Machine Processing                                         ; Auto               ; Auto               ;
; Safe State Machine                                               ; Off                ; Off                ;
; Extract Verilog State Machines                                   ; On                 ; On                 ;
; Extract VHDL State Machines                                      ; On                 ; On                 ;
; Ignore Verilog initial constructs                                ; Off                ; Off                ;
; Iteration limit for constant Verilog loops                       ; 5000               ; 5000               ;
; Iteration limit for non-constant Verilog loops                   ; 250                ; 250                ;
; Add Pass-Through Logic to Inferred RAMs                          ; On                 ; On                 ;
; Infer RAMs from Raw Logic                                        ; On                 ; On                 ;
; Parallel Synthesis                                               ; On                 ; On                 ;
; DSP Block Balancing                                              ; Auto               ; Auto               ;
; NOT Gate Push-Back                                               ; On                 ; On                 ;
; Power-Up Don't Care                                              ; On                 ; On                 ;
; Remove Redundant Logic Cells                                     ; Off                ; Off                ;
; Remove Duplicate Registers                                       ; On                 ; On                 ;
; Ignore CARRY Buffers                                             ; Off                ; Off                ;
; Ignore CASCADE Buffers                                           ; Off                ; Off                ;
; Ignore GLOBAL Buffers                                            ; Off                ; Off                ;
; Ignore ROW GLOBAL Buffers                                        ; Off                ; Off                ;
; Ignore LCELL Buffers                                             ; Off                ; Off                ;
; Ignore SOFT Buffers                                              ; On                 ; On                 ;
; Limit AHDL Integers to 32 Bits                                   ; Off                ; Off                ;
; Optimization Technique                                           ; Balanced           ; Balanced           ;
; Carry Chain Length                                               ; 70                 ; 70                 ;
; Auto Carry Chains                                                ; On                 ; On                 ;
; Auto Open-Drain Pins                                             ; On                 ; On                 ;
; Perform WYSIWYG Primitive Resynthesis                            ; Off                ; Off                ;
; Auto ROM Replacement                                             ; On                 ; On                 ;
; Auto RAM Replacement                                             ; On                 ; On                 ;
; Auto DSP Block Replacement                                       ; On                 ; On                 ;
; Auto Shift Register Replacement                                  ; Auto               ; Auto               ;
; Allow Shift Register Merging across Hierarchies                  ; Auto               ; Auto               ;
; Auto Clock Enable Replacement                                    ; On                 ; On                 ;
; Strict RAM Replacement                                           ; Off                ; Off                ;
; Allow Synchronous Control Signals                                ; On                 ; On                 ;
; Force Use of Synchronous Clear Signals                           ; Off                ; Off                ;
; Auto RAM Block Balancing                                         ; On                 ; On                 ;
; Allow Any RAM Size For Recognition                               ; Off                ; Off                ;
; Allow Any ROM Size For Recognition                               ; Off                ; Off                ;
; Allow Any Shift Register Size For Recognition                    ; Off                ; Off                ;
; Use LogicLock Constraints during Resource Balancing              ; On                 ; On                 ;
; Ignore translate_off and synthesis_off directives                ; Off                ; Off                ;
; Timing-Driven Synthesis                                          ; On                 ; On                 ;
; Report Parameter Settings                                        ; On                 ; On                 ;
; Report Source Assignments                                        ; On                 ; On                 ;
; Report Connectivity Checks                                       ; On                 ; On                 ;
; Ignore Maximum Fan-Out Assignments                               ; Off                ; Off                ;
; Synchronization Register Chain Length                            ; 2                  ; 2                  ;
; Power Optimization During Synthesis                              ; Normal compilation ; Normal compilation ;
; HDL message level                                                ; Level2             ; Level2             ;
; Suppress Register Optimization Related Messages                  ; Off                ; Off                ;
; Number of Removed Registers Reported in Synthesis Report         ; 5000               ; 5000               ;
; Number of Swept Nodes Reported in Synthesis Report               ; 5000               ; 5000               ;
; Number of Inverted Registers Reported in Synthesis Report        ; 100                ; 100                ;
; Clock MUX Protection                                             ; On                 ; On                 ;
; Auto Gated Clock Conversion                                      ; Off                ; Off                ;
; Block Design Naming                                              ; Auto               ; Auto               ;
; SDC constraint protection                                        ; Off                ; Off                ;
; Synthesis Effort                                                 ; Auto               ; Auto               ;
; Shift Register Replacement - Allow Asynchronous Clear Signal     ; On                 ; On                 ;
; Pre-Mapping Resynthesis Optimization                             ; Off                ; Off                ;
; Analysis & Synthesis Message Level                               ; Medium             ; Medium             ;
; Disable Register Merging Across Hierarchies                      ; Auto               ; Auto               ;
; Resource Aware Inference For Block RAM                           ; On                 ; On                 ;
+------------------------------------------------------------------+--------------------+--------------------+


+------------------------------------------+
; Parallel Compilation                     ;
+----------------------------+-------------+
; Processors                 ; Number      ;
+----------------------------+-------------+
; Number detected on machine ; 16          ;
; Maximum allowed            ; 16          ;
;                            ;             ;
; Average used               ; 1.00        ;
; Maximum used               ; 16          ;
;                            ;             ;
; Usage by Processor         ; % Time Used ;
;     Processor 1            ; 100.0%      ;
;     Processors 2-16        ;   0.0%      ;
+----------------------------+-------------+


+-------------------------------------------------------------------------------------------------------------------------------------------------------------------------------------+
; Analysis & Synthesis Source Files Read                                                                                                                                              ;
+----------------------------------+-----------------+------------------------------------+---------------------------------------------------------------------------------+---------+
; File Name with User-Entered Path ; Used in Netlist ; File Type                          ; File Name with Absolute Path                                                    ; Library ;
+----------------------------------+-----------------+------------------------------------+---------------------------------------------------------------------------------+---------+
; PLL_clk10MHz.v                   ; yes             ; User Wizard-Generated File         ; C:/projects/SimVGA/PLL_clk10MHz.v                                               ;         ;
; SimVGA.sv                        ; yes             ; User SystemVerilog HDL File        ; C:/projects/SimVGA/SimVGA.sv                                                    ;         ;
; vga.sv                           ; yes             ; User SystemVerilog HDL File        ; C:/projects/SimVGA/vga.sv                                                       ;         ;
; altpll.tdf                       ; yes             ; Megafunction                       ; c:/intelfpga_lite/23.1std/quartus/libraries/megafunctions/altpll.tdf            ;         ;
; aglobal231.inc                   ; yes             ; Megafunction                       ; c:/intelfpga_lite/23.1std/quartus/libraries/megafunctions/aglobal231.inc        ;         ;
; stratix_pll.inc                  ; yes             ; Megafunction                       ; c:/intelfpga_lite/23.1std/quartus/libraries/megafunctions/stratix_pll.inc       ;         ;
; stratixii_pll.inc                ; yes             ; Megafunction                       ; c:/intelfpga_lite/23.1std/quartus/libraries/megafunctions/stratixii_pll.inc     ;         ;
; cycloneii_pll.inc                ; yes             ; Megafunction                       ; c:/intelfpga_lite/23.1std/quartus/libraries/megafunctions/cycloneii_pll.inc     ;         ;
; db/pll_clk10mhz_altpll.v         ; yes             ; Auto-Generated Megafunction        ; C:/projects/SimVGA/db/pll_clk10mhz_altpll.v                                     ;         ;
; ps2.sv                           ; yes             ; Auto-Found SystemVerilog HDL File  ; C:/projects/SimVGA/ps2.sv                                                       ;         ;
; hex.sv                           ; yes             ; Auto-Found SystemVerilog HDL File  ; C:/projects/SimVGA/hex.sv                                                       ;         ;
; deb.sv                           ; yes             ; Auto-Found SystemVerilog HDL File  ; C:/projects/SimVGA/deb.sv                                                       ;         ;
; altsyncram.tdf                   ; yes             ; Megafunction                       ; c:/intelfpga_lite/23.1std/quartus/libraries/megafunctions/altsyncram.tdf        ;         ;
; stratix_ram_block.inc            ; yes             ; Megafunction                       ; c:/intelfpga_lite/23.1std/quartus/libraries/megafunctions/stratix_ram_block.inc ;         ;
; lpm_mux.inc                      ; yes             ; Megafunction                       ; c:/intelfpga_lite/23.1std/quartus/libraries/megafunctions/lpm_mux.inc           ;         ;
; lpm_decode.inc                   ; yes             ; Megafunction                       ; c:/intelfpga_lite/23.1std/quartus/libraries/megafunctions/lpm_decode.inc        ;         ;
; a_rdenreg.inc                    ; yes             ; Megafunction                       ; c:/intelfpga_lite/23.1std/quartus/libraries/megafunctions/a_rdenreg.inc         ;         ;
; altrom.inc                       ; yes             ; Megafunction                       ; c:/intelfpga_lite/23.1std/quartus/libraries/megafunctions/altrom.inc            ;         ;
; altram.inc                       ; yes             ; Megafunction                       ; c:/intelfpga_lite/23.1std/quartus/libraries/megafunctions/altram.inc            ;         ;
; altdpram.inc                     ; yes             ; Megafunction                       ; c:/intelfpga_lite/23.1std/quartus/libraries/megafunctions/altdpram.inc          ;         ;
; db/altsyncram_m2h1.tdf           ; yes             ; Auto-Generated Megafunction        ; C:/projects/SimVGA/db/altsyncram_m2h1.tdf                                       ;         ;
+----------------------------------+-----------------+------------------------------------+---------------------------------------------------------------------------------+---------+


+---------------------------------------------------------+
; Analysis & Synthesis Resource Usage Summary             ;
+---------------------------------------------+-----------+
; Resource                                    ; Usage     ;
+---------------------------------------------+-----------+
; Estimated Total logic elements              ; 276       ;
;                                             ;           ;
; Total combinational functions               ; 260       ;
; Logic element usage by number of LUT inputs ;           ;
;     -- 4 input functions                    ; 106       ;
;     -- 3 input functions                    ; 30        ;
;     -- <=2 input functions                  ; 124       ;
;                                             ;           ;
; Logic elements by mode                      ;           ;
;     -- normal mode                          ; 189       ;
;     -- arithmetic mode                      ; 71        ;
;                                             ;           ;
; Total registers                             ; 158       ;
;     -- Dedicated logic registers            ; 158       ;
;     -- I/O registers                        ; 0         ;
;                                             ;           ;
; I/O pins                                    ; 24        ;
; Total memory bits                           ; 14400     ;
;                                             ;           ;
; Embedded Multiplier 9-bit elements          ; 0         ;
;                                             ;           ;
; Total PLLs                                  ; 1         ;
;     -- PLLs                                 ; 1         ;
;                                             ;           ;
; Maximum fan-out node                        ; clk~input ;
; Maximum fan-out                             ; 134       ;
; Total fan-out                               ; 1284      ;
; Average fan-out                             ; 2.72      ;
+---------------------------------------------+-----------+


+----------------------------------------------------------------------------------------------------------------------------------------------------------------------------------------------------------------------------------------------------------------------------------------------------+
; Analysis & Synthesis Resource Utilization by Entity                                                                                                                                                                                                                                                ;
+-----------------------------------------------+---------------------+---------------------------+-------------+--------------+---------+-----------+------+--------------+------------------------------------------------------------------------------------+---------------------+--------------+
; Compilation Hierarchy Node                    ; Combinational ALUTs ; Dedicated Logic Registers ; Memory Bits ; DSP Elements ; DSP 9x9 ; DSP 18x18 ; Pins ; Virtual Pins ; Full Hierarchy Name                                                                ; Entity Name         ; Library Name ;
+-----------------------------------------------+---------------------+---------------------------+-------------+--------------+---------+-----------+------+--------------+------------------------------------------------------------------------------------+---------------------+--------------+
; |SimVGA                                       ; 260 (92)            ; 158 (49)                  ; 14400       ; 0            ; 0       ; 0         ; 24   ; 0            ; |SimVGA                                                                            ; SimVGA              ; work         ;
;    |PLL_clk10MHz:U0|                          ; 0 (0)               ; 0 (0)                     ; 0           ; 0            ; 0       ; 0         ; 0    ; 0            ; |SimVGA|PLL_clk10MHz:U0                                                            ; PLL_clk10MHz        ; work         ;
;       |altpll:altpll_component|               ; 0 (0)               ; 0 (0)                     ; 0           ; 0            ; 0       ; 0         ; 0    ; 0            ; |SimVGA|PLL_clk10MHz:U0|altpll:altpll_component                                    ; altpll              ; work         ;
;          |PLL_clk10MHz_altpll:auto_generated| ; 0 (0)               ; 0 (0)                     ; 0           ; 0            ; 0       ; 0         ; 0    ; 0            ; |SimVGA|PLL_clk10MHz:U0|altpll:altpll_component|PLL_clk10MHz_altpll:auto_generated ; PLL_clk10MHz_altpll ; work         ;
;    |altsyncram:charf_rtl_0|                   ; 0 (0)               ; 0 (0)                     ; 14400       ; 0            ; 0       ; 0         ; 0    ; 0            ; |SimVGA|altsyncram:charf_rtl_0                                                     ; altsyncram          ; work         ;
;       |altsyncram_m2h1:auto_generated|        ; 0 (0)               ; 0 (0)                     ; 14400       ; 0            ; 0       ; 0         ; 0    ; 0            ; |SimVGA|altsyncram:charf_rtl_0|altsyncram_m2h1:auto_generated                      ; altsyncram_m2h1     ; work         ;
;    |ps2:u1|                                   ; 109 (99)            ; 81 (71)                   ; 0           ; 0            ; 0       ; 0         ; 0    ; 0            ; |SimVGA|ps2:u1                                                                     ; ps2                 ; work         ;
;       |deb:deb_inst|                          ; 6 (6)               ; 6 (6)                     ; 0           ; 0            ; 0       ; 0         ; 0    ; 0            ; |SimVGA|ps2:u1|deb:deb_inst                                                        ; deb                 ; work         ;
;       |hex:hex_inst_1|                        ; 1 (1)               ; 1 (1)                     ; 0           ; 0            ; 0       ; 0         ; 0    ; 0            ; |SimVGA|ps2:u1|hex:hex_inst_1                                                      ; hex                 ; work         ;
;       |hex:hex_inst_2|                        ; 1 (1)               ; 1 (1)                     ; 0           ; 0            ; 0       ; 0         ; 0    ; 0            ; |SimVGA|ps2:u1|hex:hex_inst_2                                                      ; hex                 ; work         ;
;       |hex:hex_inst_3|                        ; 1 (1)               ; 1 (1)                     ; 0           ; 0            ; 0       ; 0         ; 0    ; 0            ; |SimVGA|ps2:u1|hex:hex_inst_3                                                      ; hex                 ; work         ;
;       |hex:hex_inst_4|                        ; 1 (1)               ; 1 (1)                     ; 0           ; 0            ; 0       ; 0         ; 0    ; 0            ; |SimVGA|ps2:u1|hex:hex_inst_4                                                      ; hex                 ; work         ;
;    |vga:u0|                                   ; 59 (59)             ; 28 (28)                   ; 0           ; 0            ; 0       ; 0         ; 0    ; 0            ; |SimVGA|vga:u0                                                                     ; vga                 ; work         ;
+-----------------------------------------------+---------------------+---------------------------+-------------+--------------+---------+-----------+------+--------------+------------------------------------------------------------------------------------+---------------------+--------------+
Note: For table entries with two numbers listed, the numbers in parentheses indicate the number of resources of the given type used by the specific entity alone. The numbers listed outside of parentheses indicate the total resources of the given type used by the specific entity and all of its sub-entities in the hierarchy.


+-----------------------------------------------------------------------------------------------------------------------------------------------------------------------+
; Analysis & Synthesis RAM Summary                                                                                                                                      ;
+------------------------------------------------------------------+------+------------------+--------------+--------------+--------------+--------------+-------+------+
; Name                                                             ; Type ; Mode             ; Port A Depth ; Port A Width ; Port B Depth ; Port B Width ; Size  ; MIF  ;
+------------------------------------------------------------------+------+------------------+--------------+--------------+--------------+--------------+-------+------+
; altsyncram:charf_rtl_0|altsyncram_m2h1:auto_generated|ALTSYNCRAM ; AUTO ; Simple Dual Port ; 4800         ; 3            ; 4800         ; 3            ; 14400 ; None ;
+------------------------------------------------------------------+------+------------------+--------------+--------------+--------------+--------------+-------+------+


Encoding Type:  One-Hot
+-----------------------------------------------------------+
; State Machine - |SimVGA|ps2:u1|state                      ;
+-----------+-----------+-----------+-----------+-----------+
; Name      ; state.FMN ; state.SMN ; state.FHN ; state.SHN ;
+-----------+-----------+-----------+-----------+-----------+
; state.SHN ; 0         ; 0         ; 0         ; 0         ;
; state.FHN ; 0         ; 0         ; 1         ; 1         ;
; state.SMN ; 0         ; 1         ; 0         ; 1         ;
; state.FMN ; 1         ; 0         ; 0         ; 1         ;
+-----------+-----------+-----------+-----------+-----------+


+--------------------------------------------------------------------------------+
; Registers Removed During Synthesis                                             ;
+---------------------------------------+----------------------------------------+
; Register name                         ; Reason for Removal                     ;
+---------------------------------------+----------------------------------------+
; ps2:u1|code[1..6]                     ; Stuck at GND due to stuck port data_in ;
; ps2:u1|state~2                        ; Lost fanout                            ;
; ps2:u1|state~3                        ; Lost fanout                            ;
; Total Number of Removed Registers = 8 ;                                        ;
+---------------------------------------+----------------------------------------+


+------------------------------------------------------+
; General Register Statistics                          ;
+----------------------------------------------+-------+
; Statistic                                    ; Value ;
+----------------------------------------------+-------+
; Total registers                              ; 158   ;
; Number of registers using Synchronous Clear  ; 0     ;
; Number of registers using Synchronous Load   ; 0     ;
; Number of registers using Asynchronous Clear ; 0     ;
; Number of registers using Asynchronous Load  ; 0     ;
; Number of registers using Clock Enable       ; 95    ;
; Number of registers using Preset             ; 0     ;
+----------------------------------------------+-------+


+----------------------------------------------+
; Registers Packed Into Inferred Megafunctions ;
+---------------+--------------+---------------+
; Register Name ; Megafunction ; Type          ;
+---------------+--------------+---------------+
; out[0..2]     ; charf_rtl_0  ; RAM           ;
+---------------+--------------+---------------+


+-------------------------------------------------------------------------------------------------------------------------------------------+
; Multiplexer Restructuring Statistics (Restructuring Performed)                                                                            ;
+--------------------+-----------+---------------+----------------------+------------------------+------------+-----------------------------+
; Multiplexer Inputs ; Bus Width ; Baseline Area ; Area if Restructured ; Saving if Restructured ; Registered ; Example Multiplexer Output  ;
+--------------------+-----------+---------------+----------------------+------------------------+------------+-----------------------------+
; 3:1                ; 5 bits    ; 10 LEs        ; 5 LEs                ; 5 LEs                  ; Yes        ; |SimVGA|ps2:u1|cnt_reg[3]   ;
; 5:1                ; 8 bits    ; 24 LEs        ; 16 LEs               ; 8 LEs                  ; Yes        ; |SimVGA|ps2:u1|data_reg[10] ;
; 3:1                ; 9 bits    ; 18 LEs        ; 18 LEs               ; 0 LEs                  ; No         ; |SimVGA|vga:u0|d_vpos[2]    ;
; 3:1                ; 2 bits    ; 4 LEs         ; 4 LEs                ; 0 LEs                  ; No         ; |SimVGA|charf               ;
+--------------------+-----------+---------------+----------------------+------------------------+------------+-----------------------------+


+------------------------------------------------------------------------------+
; Source assignments for altsyncram:charf_rtl_0|altsyncram_m2h1:auto_generated ;
+---------------------------------+--------------------+------+----------------+
; Assignment                      ; Value              ; From ; To             ;
+---------------------------------+--------------------+------+----------------+
; OPTIMIZE_POWER_DURING_SYNTHESIS ; NORMAL_COMPILATION ; -    ; -              ;
+---------------------------------+--------------------+------+----------------+


+--------------------------------------------------------------------------------------+
; Parameter Settings for User Entity Instance: PLL_clk10MHz:U0|altpll:altpll_component ;
+-------------------------------+--------------------------------+---------------------+
; Parameter Name                ; Value                          ; Type                ;
+-------------------------------+--------------------------------+---------------------+
; OPERATION_MODE                ; NORMAL                         ; Untyped             ;
; PLL_TYPE                      ; AUTO                           ; Untyped             ;
; LPM_HINT                      ; CBX_MODULE_PREFIX=PLL_clk10MHz ; Untyped             ;
; QUALIFY_CONF_DONE             ; OFF                            ; Untyped             ;
; COMPENSATE_CLOCK              ; CLK0                           ; Untyped             ;
; SCAN_CHAIN                    ; LONG                           ; Untyped             ;
; PRIMARY_CLOCK                 ; INCLK0                         ; Untyped             ;
; INCLK0_INPUT_FREQUENCY        ; 20000                          ; Signed Integer      ;
; INCLK1_INPUT_FREQUENCY        ; 0                              ; Untyped             ;
; GATE_LOCK_SIGNAL              ; NO                             ; Untyped             ;
; GATE_LOCK_COUNTER             ; 0                              ; Untyped             ;
; LOCK_HIGH                     ; 1                              ; Untyped             ;
; LOCK_LOW                      ; 1                              ; Untyped             ;
; VALID_LOCK_MULTIPLIER         ; 1                              ; Untyped             ;
; INVALID_LOCK_MULTIPLIER       ; 5                              ; Untyped             ;
; SWITCH_OVER_ON_LOSSCLK        ; OFF                            ; Untyped             ;
; SWITCH_OVER_ON_GATED_LOCK     ; OFF                            ; Untyped             ;
; ENABLE_SWITCH_OVER_COUNTER    ; OFF                            ; Untyped             ;
; SKIP_VCO                      ; OFF                            ; Untyped             ;
; SWITCH_OVER_COUNTER           ; 0                              ; Untyped             ;
; SWITCH_OVER_TYPE              ; AUTO                           ; Untyped             ;
; FEEDBACK_SOURCE               ; EXTCLK0                        ; Untyped             ;
; BANDWIDTH                     ; 0                              ; Untyped             ;
; BANDWIDTH_TYPE                ; AUTO                           ; Untyped             ;
; SPREAD_FREQUENCY              ; 0                              ; Untyped             ;
; DOWN_SPREAD                   ; 0                              ; Untyped             ;
; SELF_RESET_ON_GATED_LOSS_LOCK ; OFF                            ; Untyped             ;
; SELF_RESET_ON_LOSS_LOCK       ; OFF                            ; Untyped             ;
; CLK9_MULTIPLY_BY              ; 0                              ; Untyped             ;
; CLK8_MULTIPLY_BY              ; 0                              ; Untyped             ;
; CLK7_MULTIPLY_BY              ; 0                              ; Untyped             ;
; CLK6_MULTIPLY_BY              ; 0                              ; Untyped             ;
; CLK5_MULTIPLY_BY              ; 1                              ; Untyped             ;
; CLK4_MULTIPLY_BY              ; 1                              ; Untyped             ;
; CLK3_MULTIPLY_BY              ; 1                              ; Untyped             ;
; CLK2_MULTIPLY_BY              ; 1                              ; Untyped             ;
; CLK1_MULTIPLY_BY              ; 1                              ; Untyped             ;
; CLK0_MULTIPLY_BY              ; 1                              ; Signed Integer      ;
; CLK9_DIVIDE_BY                ; 0                              ; Untyped             ;
; CLK8_DIVIDE_BY                ; 0                              ; Untyped             ;
; CLK7_DIVIDE_BY                ; 0                              ; Untyped             ;
; CLK6_DIVIDE_BY                ; 0                              ; Untyped             ;
; CLK5_DIVIDE_BY                ; 1                              ; Untyped             ;
; CLK4_DIVIDE_BY                ; 1                              ; Untyped             ;
; CLK3_DIVIDE_BY                ; 1                              ; Untyped             ;
; CLK2_DIVIDE_BY                ; 1                              ; Untyped             ;
; CLK1_DIVIDE_BY                ; 1                              ; Untyped             ;
; CLK0_DIVIDE_BY                ; 2                              ; Signed Integer      ;
; CLK9_PHASE_SHIFT              ; 0                              ; Untyped             ;
; CLK8_PHASE_SHIFT              ; 0                              ; Untyped             ;
; CLK7_PHASE_SHIFT              ; 0                              ; Untyped             ;
; CLK6_PHASE_SHIFT              ; 0                              ; Untyped             ;
; CLK5_PHASE_SHIFT              ; 0                              ; Untyped             ;
; CLK4_PHASE_SHIFT              ; 0                              ; Untyped             ;
; CLK3_PHASE_SHIFT              ; 0                              ; Untyped             ;
; CLK2_PHASE_SHIFT              ; 0                              ; Untyped             ;
; CLK1_PHASE_SHIFT              ; 0                              ; Untyped             ;
; CLK0_PHASE_SHIFT              ; 0                              ; Untyped             ;
; CLK5_TIME_DELAY               ; 0                              ; Untyped             ;
; CLK4_TIME_DELAY               ; 0                              ; Untyped             ;
; CLK3_TIME_DELAY               ; 0                              ; Untyped             ;
; CLK2_TIME_DELAY               ; 0                              ; Untyped             ;
; CLK1_TIME_DELAY               ; 0                              ; Untyped             ;
; CLK0_TIME_DELAY               ; 0                              ; Untyped             ;
; CLK9_DUTY_CYCLE               ; 50                             ; Untyped             ;
; CLK8_DUTY_CYCLE               ; 50                             ; Untyped             ;
; CLK7_DUTY_CYCLE               ; 50                             ; Untyped             ;
; CLK6_DUTY_CYCLE               ; 50                             ; Untyped             ;
; CLK5_DUTY_CYCLE               ; 50                             ; Untyped             ;
; CLK4_DUTY_CYCLE               ; 50                             ; Untyped             ;
; CLK3_DUTY_CYCLE               ; 50                             ; Untyped             ;
; CLK2_DUTY_CYCLE               ; 50                             ; Untyped             ;
; CLK1_DUTY_CYCLE               ; 50                             ; Untyped             ;
; CLK0_DUTY_CYCLE               ; 50                             ; Signed Integer      ;
; CLK9_USE_EVEN_COUNTER_MODE    ; OFF                            ; Untyped             ;
; CLK8_USE_EVEN_COUNTER_MODE    ; OFF                            ; Untyped             ;
; CLK7_USE_EVEN_COUNTER_MODE    ; OFF                            ; Untyped             ;
; CLK6_USE_EVEN_COUNTER_MODE    ; OFF                            ; Untyped             ;
; CLK5_USE_EVEN_COUNTER_MODE    ; OFF                            ; Untyped             ;
; CLK4_USE_EVEN_COUNTER_MODE    ; OFF                            ; Untyped             ;
; CLK3_USE_EVEN_COUNTER_MODE    ; OFF                            ; Untyped             ;
; CLK2_USE_EVEN_COUNTER_MODE    ; OFF                            ; Untyped             ;
; CLK1_USE_EVEN_COUNTER_MODE    ; OFF                            ; Untyped             ;
; CLK0_USE_EVEN_COUNTER_MODE    ; OFF                            ; Untyped             ;
; CLK9_USE_EVEN_COUNTER_VALUE   ; OFF                            ; Untyped             ;
; CLK8_USE_EVEN_COUNTER_VALUE   ; OFF                            ; Untyped             ;
; CLK7_USE_EVEN_COUNTER_VALUE   ; OFF                            ; Untyped             ;
; CLK6_USE_EVEN_COUNTER_VALUE   ; OFF                            ; Untyped             ;
; CLK5_USE_EVEN_COUNTER_VALUE   ; OFF                            ; Untyped             ;
; CLK4_USE_EVEN_COUNTER_VALUE   ; OFF                            ; Untyped             ;
; CLK3_USE_EVEN_COUNTER_VALUE   ; OFF                            ; Untyped             ;
; CLK2_USE_EVEN_COUNTER_VALUE   ; OFF                            ; Untyped             ;
; CLK1_USE_EVEN_COUNTER_VALUE   ; OFF                            ; Untyped             ;
; CLK0_USE_EVEN_COUNTER_VALUE   ; OFF                            ; Untyped             ;
; LOCK_WINDOW_UI                ;  0.05                          ; Untyped             ;
; LOCK_WINDOW_UI_BITS           ; UNUSED                         ; Untyped             ;
; VCO_RANGE_DETECTOR_LOW_BITS   ; UNUSED                         ; Untyped             ;
; VCO_RANGE_DETECTOR_HIGH_BITS  ; UNUSED                         ; Untyped             ;
; DPA_MULTIPLY_BY               ; 0                              ; Untyped             ;
; DPA_DIVIDE_BY                 ; 1                              ; Untyped             ;
; DPA_DIVIDER                   ; 0                              ; Untyped             ;
; EXTCLK3_MULTIPLY_BY           ; 1                              ; Untyped             ;
; EXTCLK2_MULTIPLY_BY           ; 1                              ; Untyped             ;
; EXTCLK1_MULTIPLY_BY           ; 1                              ; Untyped             ;
; EXTCLK0_MULTIPLY_BY           ; 1                              ; Untyped             ;
; EXTCLK3_DIVIDE_BY             ; 1                              ; Untyped             ;
; EXTCLK2_DIVIDE_BY             ; 1                              ; Untyped             ;
; EXTCLK1_DIVIDE_BY             ; 1                              ; Untyped             ;
; EXTCLK0_DIVIDE_BY             ; 1                              ; Untyped             ;
; EXTCLK3_PHASE_SHIFT           ; 0                              ; Untyped             ;
; EXTCLK2_PHASE_SHIFT           ; 0                              ; Untyped             ;
; EXTCLK1_PHASE_SHIFT           ; 0                              ; Untyped             ;
; EXTCLK0_PHASE_SHIFT           ; 0                              ; Untyped             ;
; EXTCLK3_TIME_DELAY            ; 0                              ; Untyped             ;
; EXTCLK2_TIME_DELAY            ; 0                              ; Untyped             ;
; EXTCLK1_TIME_DELAY            ; 0                              ; Untyped             ;
; EXTCLK0_TIME_DELAY            ; 0                              ; Untyped             ;
; EXTCLK3_DUTY_CYCLE            ; 50                             ; Untyped             ;
; EXTCLK2_DUTY_CYCLE            ; 50                             ; Untyped             ;
; EXTCLK1_DUTY_CYCLE            ; 50                             ; Untyped             ;
; EXTCLK0_DUTY_CYCLE            ; 50                             ; Untyped             ;
; VCO_MULTIPLY_BY               ; 0                              ; Untyped             ;
; VCO_DIVIDE_BY                 ; 0                              ; Untyped             ;
; SCLKOUT0_PHASE_SHIFT          ; 0                              ; Untyped             ;
; SCLKOUT1_PHASE_SHIFT          ; 0                              ; Untyped             ;
; VCO_MIN                       ; 0                              ; Untyped             ;
; VCO_MAX                       ; 0                              ; Untyped             ;
; VCO_CENTER                    ; 0                              ; Untyped             ;
; PFD_MIN                       ; 0                              ; Untyped             ;
; PFD_MAX                       ; 0                              ; Untyped             ;
; M_INITIAL                     ; 0                              ; Untyped             ;
; M                             ; 0                              ; Untyped             ;
; N                             ; 1                              ; Untyped             ;
; M2                            ; 1                              ; Untyped             ;
; N2                            ; 1                              ; Untyped             ;
; SS                            ; 1                              ; Untyped             ;
; C0_HIGH                       ; 0                              ; Untyped             ;
; C1_HIGH                       ; 0                              ; Untyped             ;
; C2_HIGH                       ; 0                              ; Untyped             ;
; C3_HIGH                       ; 0                              ; Untyped             ;
; C4_HIGH                       ; 0                              ; Untyped             ;
; C5_HIGH                       ; 0                              ; Untyped             ;
; C6_HIGH                       ; 0                              ; Untyped             ;
; C7_HIGH                       ; 0                              ; Untyped             ;
; C8_HIGH                       ; 0                              ; Untyped             ;
; C9_HIGH                       ; 0                              ; Untyped             ;
; C0_LOW                        ; 0                              ; Untyped             ;
; C1_LOW                        ; 0                              ; Untyped             ;
; C2_LOW                        ; 0                              ; Untyped             ;
; C3_LOW                        ; 0                              ; Untyped             ;
; C4_LOW                        ; 0                              ; Untyped             ;
; C5_LOW                        ; 0                              ; Untyped             ;
; C6_LOW                        ; 0                              ; Untyped             ;
; C7_LOW                        ; 0                              ; Untyped             ;
; C8_LOW                        ; 0                              ; Untyped             ;
; C9_LOW                        ; 0                              ; Untyped             ;
; C0_INITIAL                    ; 0                              ; Untyped             ;
; C1_INITIAL                    ; 0                              ; Untyped             ;
; C2_INITIAL                    ; 0                              ; Untyped             ;
; C3_INITIAL                    ; 0                              ; Untyped             ;
; C4_INITIAL                    ; 0                              ; Untyped             ;
; C5_INITIAL                    ; 0                              ; Untyped             ;
; C6_INITIAL                    ; 0                              ; Untyped             ;
; C7_INITIAL                    ; 0                              ; Untyped             ;
; C8_INITIAL                    ; 0                              ; Untyped             ;
; C9_INITIAL                    ; 0                              ; Untyped             ;
; C0_MODE                       ; BYPASS                         ; Untyped             ;
; C1_MODE                       ; BYPASS                         ; Untyped             ;
; C2_MODE                       ; BYPASS                         ; Untyped             ;
; C3_MODE                       ; BYPASS                         ; Untyped             ;
; C4_MODE                       ; BYPASS                         ; Untyped             ;
; C5_MODE                       ; BYPASS                         ; Untyped             ;
; C6_MODE                       ; BYPASS                         ; Untyped             ;
; C7_MODE                       ; BYPASS                         ; Untyped             ;
; C8_MODE                       ; BYPASS                         ; Untyped             ;
; C9_MODE                       ; BYPASS                         ; Untyped             ;
; C0_PH                         ; 0                              ; Untyped             ;
; C1_PH                         ; 0                              ; Untyped             ;
; C2_PH                         ; 0                              ; Untyped             ;
; C3_PH                         ; 0                              ; Untyped             ;
; C4_PH                         ; 0                              ; Untyped             ;
; C5_PH                         ; 0                              ; Untyped             ;
; C6_PH                         ; 0                              ; Untyped             ;
; C7_PH                         ; 0                              ; Untyped             ;
; C8_PH                         ; 0                              ; Untyped             ;
; C9_PH                         ; 0                              ; Untyped             ;
; L0_HIGH                       ; 1                              ; Untyped             ;
; L1_HIGH                       ; 1                              ; Untyped             ;
; G0_HIGH                       ; 1                              ; Untyped             ;
; G1_HIGH                       ; 1                              ; Untyped             ;
; G2_HIGH                       ; 1                              ; Untyped             ;
; G3_HIGH                       ; 1                              ; Untyped             ;
; E0_HIGH                       ; 1                              ; Untyped             ;
; E1_HIGH                       ; 1                              ; Untyped             ;
; E2_HIGH                       ; 1                              ; Untyped             ;
; E3_HIGH                       ; 1                              ; Untyped             ;
; L0_LOW                        ; 1                              ; Untyped             ;
; L1_LOW                        ; 1                              ; Untyped             ;
; G0_LOW                        ; 1                              ; Untyped             ;
; G1_LOW                        ; 1                              ; Untyped             ;
; G2_LOW                        ; 1                              ; Untyped             ;
; G3_LOW                        ; 1                              ; Untyped             ;
; E0_LOW                        ; 1                              ; Untyped             ;
; E1_LOW                        ; 1                              ; Untyped             ;
; E2_LOW                        ; 1                              ; Untyped             ;
; E3_LOW                        ; 1                              ; Untyped             ;
; L0_INITIAL                    ; 1                              ; Untyped             ;
; L1_INITIAL                    ; 1                              ; Untyped             ;
; G0_INITIAL                    ; 1                              ; Untyped             ;
; G1_INITIAL                    ; 1                              ; Untyped             ;
; G2_INITIAL                    ; 1                              ; Untyped             ;
; G3_INITIAL                    ; 1                              ; Untyped             ;
; E0_INITIAL                    ; 1                              ; Untyped             ;
; E1_INITIAL                    ; 1                              ; Untyped             ;
; E2_INITIAL                    ; 1                              ; Untyped             ;
; E3_INITIAL                    ; 1                              ; Untyped             ;
; L0_MODE                       ; BYPASS                         ; Untyped             ;
; L1_MODE                       ; BYPASS                         ; Untyped             ;
; G0_MODE                       ; BYPASS                         ; Untyped             ;
; G1_MODE                       ; BYPASS                         ; Untyped             ;
; G2_MODE                       ; BYPASS                         ; Untyped             ;
; G3_MODE                       ; BYPASS                         ; Untyped             ;
; E0_MODE                       ; BYPASS                         ; Untyped             ;
; E1_MODE                       ; BYPASS                         ; Untyped             ;
; E2_MODE                       ; BYPASS                         ; Untyped             ;
; E3_MODE                       ; BYPASS                         ; Untyped             ;
; L0_PH                         ; 0                              ; Untyped             ;
; L1_PH                         ; 0                              ; Untyped             ;
; G0_PH                         ; 0                              ; Untyped             ;
; G1_PH                         ; 0                              ; Untyped             ;
; G2_PH                         ; 0                              ; Untyped             ;
; G3_PH                         ; 0                              ; Untyped             ;
; E0_PH                         ; 0                              ; Untyped             ;
; E1_PH                         ; 0                              ; Untyped             ;
; E2_PH                         ; 0                              ; Untyped             ;
; E3_PH                         ; 0                              ; Untyped             ;
; M_PH                          ; 0                              ; Untyped             ;
; C1_USE_CASC_IN                ; OFF                            ; Untyped             ;
; C2_USE_CASC_IN                ; OFF                            ; Untyped             ;
; C3_USE_CASC_IN                ; OFF                            ; Untyped             ;
; C4_USE_CASC_IN                ; OFF                            ; Untyped             ;
; C5_USE_CASC_IN                ; OFF                            ; Untyped             ;
; C6_USE_CASC_IN                ; OFF                            ; Untyped             ;
; C7_USE_CASC_IN                ; OFF                            ; Untyped             ;
; C8_USE_CASC_IN                ; OFF                            ; Untyped             ;
; C9_USE_CASC_IN                ; OFF                            ; Untyped             ;
; CLK0_COUNTER                  ; G0                             ; Untyped             ;
; CLK1_COUNTER                  ; G0                             ; Untyped             ;
; CLK2_COUNTER                  ; G0                             ; Untyped             ;
; CLK3_COUNTER                  ; G0                             ; Untyped             ;
; CLK4_COUNTER                  ; G0                             ; Untyped             ;
; CLK5_COUNTER                  ; G0                             ; Untyped             ;
; CLK6_COUNTER                  ; E0                             ; Untyped             ;
; CLK7_COUNTER                  ; E1                             ; Untyped             ;
; CLK8_COUNTER                  ; E2                             ; Untyped             ;
; CLK9_COUNTER                  ; E3                             ; Untyped             ;
; L0_TIME_DELAY                 ; 0                              ; Untyped             ;
; L1_TIME_DELAY                 ; 0                              ; Untyped             ;
; G0_TIME_DELAY                 ; 0                              ; Untyped             ;
; G1_TIME_DELAY                 ; 0                              ; Untyped             ;
; G2_TIME_DELAY                 ; 0                              ; Untyped             ;
; G3_TIME_DELAY                 ; 0                              ; Untyped             ;
; E0_TIME_DELAY                 ; 0                              ; Untyped             ;
; E1_TIME_DELAY                 ; 0                              ; Untyped             ;
; E2_TIME_DELAY                 ; 0                              ; Untyped             ;
; E3_TIME_DELAY                 ; 0                              ; Untyped             ;
; M_TIME_DELAY                  ; 0                              ; Untyped             ;
; N_TIME_DELAY                  ; 0                              ; Untyped             ;
; EXTCLK3_COUNTER               ; E3                             ; Untyped             ;
; EXTCLK2_COUNTER               ; E2                             ; Untyped             ;
; EXTCLK1_COUNTER               ; E1                             ; Untyped             ;
; EXTCLK0_COUNTER               ; E0                             ; Untyped             ;
; ENABLE0_COUNTER               ; L0                             ; Untyped             ;
; ENABLE1_COUNTER               ; L0                             ; Untyped             ;
; CHARGE_PUMP_CURRENT           ; 2                              ; Untyped             ;
; LOOP_FILTER_R                 ;  1.000000                      ; Untyped             ;
; LOOP_FILTER_C                 ; 5                              ; Untyped             ;
; CHARGE_PUMP_CURRENT_BITS      ; 9999                           ; Untyped             ;
; LOOP_FILTER_R_BITS            ; 9999                           ; Untyped             ;
; LOOP_FILTER_C_BITS            ; 9999                           ; Untyped             ;
; VCO_POST_SCALE                ; 0                              ; Untyped             ;
; CLK2_OUTPUT_FREQUENCY         ; 0                              ; Untyped             ;
; CLK1_OUTPUT_FREQUENCY         ; 0                              ; Untyped             ;
; CLK0_OUTPUT_FREQUENCY         ; 0                              ; Untyped             ;
; INTENDED_DEVICE_FAMILY        ; Cyclone IV E                   ; Untyped             ;
; PORT_CLKENA0                  ; PORT_UNUSED                    ; Untyped             ;
; PORT_CLKENA1                  ; PORT_UNUSED                    ; Untyped             ;
; PORT_CLKENA2                  ; PORT_UNUSED                    ; Untyped             ;
; PORT_CLKENA3                  ; PORT_UNUSED                    ; Untyped             ;
; PORT_CLKENA4                  ; PORT_UNUSED                    ; Untyped             ;
; PORT_CLKENA5                  ; PORT_UNUSED                    ; Untyped             ;
; PORT_EXTCLKENA0               ; PORT_CONNECTIVITY              ; Untyped             ;
; PORT_EXTCLKENA1               ; PORT_CONNECTIVITY              ; Untyped             ;
; PORT_EXTCLKENA2               ; PORT_CONNECTIVITY              ; Untyped             ;
; PORT_EXTCLKENA3               ; PORT_CONNECTIVITY              ; Untyped             ;
; PORT_EXTCLK0                  ; PORT_UNUSED                    ; Untyped             ;
; PORT_EXTCLK1                  ; PORT_UNUSED                    ; Untyped             ;
; PORT_EXTCLK2                  ; PORT_UNUSED                    ; Untyped             ;
; PORT_EXTCLK3                  ; PORT_UNUSED                    ; Untyped             ;
; PORT_CLKBAD0                  ; PORT_UNUSED                    ; Untyped             ;
; PORT_CLKBAD1                  ; PORT_UNUSED                    ; Untyped             ;
; PORT_CLK0                     ; PORT_USED                      ; Untyped             ;
; PORT_CLK1                     ; PORT_UNUSED                    ; Untyped             ;
; PORT_CLK2                     ; PORT_UNUSED                    ; Untyped             ;
; PORT_CLK3                     ; PORT_UNUSED                    ; Untyped             ;
; PORT_CLK4                     ; PORT_UNUSED                    ; Untyped             ;
; PORT_CLK5                     ; PORT_UNUSED                    ; Untyped             ;
; PORT_CLK6                     ; PORT_UNUSED                    ; Untyped             ;
; PORT_CLK7                     ; PORT_UNUSED                    ; Untyped             ;
; PORT_CLK8                     ; PORT_UNUSED                    ; Untyped             ;
; PORT_CLK9                     ; PORT_UNUSED                    ; Untyped             ;
; PORT_SCANDATA                 ; PORT_UNUSED                    ; Untyped             ;
; PORT_SCANDATAOUT              ; PORT_UNUSED                    ; Untyped             ;
; PORT_SCANDONE                 ; PORT_UNUSED                    ; Untyped             ;
; PORT_SCLKOUT1                 ; PORT_CONNECTIVITY              ; Untyped             ;
; PORT_SCLKOUT0                 ; PORT_CONNECTIVITY              ; Untyped             ;
; PORT_ACTIVECLOCK              ; PORT_UNUSED                    ; Untyped             ;
; PORT_CLKLOSS                  ; PORT_UNUSED                    ; Untyped             ;
; PORT_INCLK1                   ; PORT_UNUSED                    ; Untyped             ;
; PORT_INCLK0                   ; PORT_USED                      ; Untyped             ;
; PORT_FBIN                     ; PORT_UNUSED                    ; Untyped             ;
; PORT_PLLENA                   ; PORT_UNUSED                    ; Untyped             ;
; PORT_CLKSWITCH                ; PORT_UNUSED                    ; Untyped             ;
; PORT_ARESET                   ; PORT_UNUSED                    ; Untyped             ;
; PORT_PFDENA                   ; PORT_UNUSED                    ; Untyped             ;
; PORT_SCANCLK                  ; PORT_UNUSED                    ; Untyped             ;
; PORT_SCANACLR                 ; PORT_UNUSED                    ; Untyped             ;
; PORT_SCANREAD                 ; PORT_UNUSED                    ; Untyped             ;
; PORT_SCANWRITE                ; PORT_UNUSED                    ; Untyped             ;
; PORT_ENABLE0                  ; PORT_CONNECTIVITY              ; Untyped             ;
; PORT_ENABLE1                  ; PORT_CONNECTIVITY              ; Untyped             ;
; PORT_LOCKED                   ; PORT_UNUSED                    ; Untyped             ;
; PORT_CONFIGUPDATE             ; PORT_UNUSED                    ; Untyped             ;
; PORT_FBOUT                    ; PORT_CONNECTIVITY              ; Untyped             ;
; PORT_PHASEDONE                ; PORT_UNUSED                    ; Untyped             ;
; PORT_PHASESTEP                ; PORT_UNUSED                    ; Untyped             ;
; PORT_PHASEUPDOWN              ; PORT_UNUSED                    ; Untyped             ;
; PORT_SCANCLKENA               ; PORT_UNUSED                    ; Untyped             ;
; PORT_PHASECOUNTERSELECT       ; PORT_UNUSED                    ; Untyped             ;
; PORT_VCOOVERRANGE             ; PORT_CONNECTIVITY              ; Untyped             ;
; PORT_VCOUNDERRANGE            ; PORT_CONNECTIVITY              ; Untyped             ;
; M_TEST_SOURCE                 ; 5                              ; Untyped             ;
; C0_TEST_SOURCE                ; 5                              ; Untyped             ;
; C1_TEST_SOURCE                ; 5                              ; Untyped             ;
; C2_TEST_SOURCE                ; 5                              ; Untyped             ;
; C3_TEST_SOURCE                ; 5                              ; Untyped             ;
; C4_TEST_SOURCE                ; 5                              ; Untyped             ;
; C5_TEST_SOURCE                ; 5                              ; Untyped             ;
; C6_TEST_SOURCE                ; 5                              ; Untyped             ;
; C7_TEST_SOURCE                ; 5                              ; Untyped             ;
; C8_TEST_SOURCE                ; 5                              ; Untyped             ;
; C9_TEST_SOURCE                ; 5                              ; Untyped             ;
; CBXI_PARAMETER                ; PLL_clk10MHz_altpll            ; Untyped             ;
; VCO_FREQUENCY_CONTROL         ; AUTO                           ; Untyped             ;
; VCO_PHASE_SHIFT_STEP          ; 0                              ; Untyped             ;
; WIDTH_CLOCK                   ; 5                              ; Signed Integer      ;
; WIDTH_PHASECOUNTERSELECT      ; 4                              ; Untyped             ;
; USING_FBMIMICBIDIR_PORT       ; OFF                            ; Untyped             ;
; DEVICE_FAMILY                 ; Cyclone IV E                   ; Untyped             ;
; SCAN_CHAIN_MIF_FILE           ; UNUSED                         ; Untyped             ;
; SIM_GATE_LOCK_DEVICE_BEHAVIOR ; OFF                            ; Untyped             ;
; AUTO_CARRY_CHAINS             ; ON                             ; AUTO_CARRY          ;
; IGNORE_CARRY_BUFFERS          ; OFF                            ; IGNORE_CARRY        ;
; AUTO_CASCADE_CHAINS           ; ON                             ; AUTO_CASCADE        ;
; IGNORE_CASCADE_BUFFERS        ; OFF                            ; IGNORE_CASCADE      ;
+-------------------------------+--------------------------------+---------------------+
Note: In order to hide this table in the UI and the text report file, please set the "Show Parameter Settings in Synthesis Report" option in "Analysis and Synthesis Settings -> More Settings" to "Off".


+-----------------------------------------------------+
; Parameter Settings for User Entity Instance: vga:u0 ;
+---------------------+-------+-----------------------+
; Parameter Name      ; Value ; Type                  ;
+---------------------+-------+-----------------------+
; N_MIXER_PIPE_STAGES ; 0     ; Signed Integer        ;
; HPOS_WIDTH          ; 10    ; Signed Integer        ;
; VPOS_WIDTH          ; 10    ; Signed Integer        ;
; H_DISPLAY           ; 640   ; Signed Integer        ;
; H_FRONT             ; 16    ; Signed Integer        ;
; H_SYNC              ; 96    ; Signed Integer        ;
; H_BACK              ; 46    ; Signed Integer        ;
; V_DISPLAY           ; 480   ; Signed Integer        ;
; V_BOTTOM            ; 10    ; Signed Integer        ;
; V_SYNC              ; 2     ; Signed Integer        ;
; V_TOP               ; 31    ; Signed Integer        ;
; CLK_MHZ             ; 25    ; Signed Integer        ;
; PIXEL_MHZ           ; 25    ; Signed Integer        ;
+---------------------+-------+-----------------------+
Note: In order to hide this table in the UI and the text report file, please set the "Show Parameter Settings in Synthesis Report" option in "Analysis and Synthesis Settings -> More Settings" to "Off".


+------------------------------------------------------------------+
; Parameter Settings for User Entity Instance: ps2:u1|deb:deb_inst ;
+----------------+-------+-----------------------------------------+
; Parameter Name ; Value ; Type                                    ;
+----------------+-------+-----------------------------------------+
; WIDTH          ; 3     ; Signed Integer                          ;
+----------------+-------+-----------------------------------------+
Note: In order to hide this table in the UI and the text report file, please set the "Show Parameter Settings in Synthesis Report" option in "Analysis and Synthesis Settings -> More Settings" to "Off".


+----------------------------------------------------------------------------+
; Parameter Settings for Inferred Entity Instance: altsyncram:charf_rtl_0    ;
+------------------------------------+----------------------+----------------+
; Parameter Name                     ; Value                ; Type           ;
+------------------------------------+----------------------+----------------+
; BYTE_SIZE_BLOCK                    ; 8                    ; Untyped        ;
; AUTO_CARRY_CHAINS                  ; ON                   ; AUTO_CARRY     ;
; IGNORE_CARRY_BUFFERS               ; OFF                  ; IGNORE_CARRY   ;
; AUTO_CASCADE_CHAINS                ; ON                   ; AUTO_CASCADE   ;
; IGNORE_CASCADE_BUFFERS             ; OFF                  ; IGNORE_CASCADE ;
; WIDTH_BYTEENA                      ; 1                    ; Untyped        ;
; OPERATION_MODE                     ; DUAL_PORT            ; Untyped        ;
; WIDTH_A                            ; 3                    ; Untyped        ;
; WIDTHAD_A                          ; 13                   ; Untyped        ;
; NUMWORDS_A                         ; 4800                 ; Untyped        ;
; OUTDATA_REG_A                      ; UNREGISTERED         ; Untyped        ;
; ADDRESS_ACLR_A                     ; NONE                 ; Untyped        ;
; OUTDATA_ACLR_A                     ; NONE                 ; Untyped        ;
; WRCONTROL_ACLR_A                   ; NONE                 ; Untyped        ;
; INDATA_ACLR_A                      ; NONE                 ; Untyped        ;
; BYTEENA_ACLR_A                     ; NONE                 ; Untyped        ;
; WIDTH_B                            ; 3                    ; Untyped        ;
; WIDTHAD_B                          ; 13                   ; Untyped        ;
; NUMWORDS_B                         ; 4800                 ; Untyped        ;
; INDATA_REG_B                       ; CLOCK1               ; Untyped        ;
; WRCONTROL_WRADDRESS_REG_B          ; CLOCK1               ; Untyped        ;
; RDCONTROL_REG_B                    ; CLOCK1               ; Untyped        ;
; ADDRESS_REG_B                      ; CLOCK0               ; Untyped        ;
; OUTDATA_REG_B                      ; UNREGISTERED         ; Untyped        ;
; BYTEENA_REG_B                      ; CLOCK1               ; Untyped        ;
; INDATA_ACLR_B                      ; NONE                 ; Untyped        ;
; WRCONTROL_ACLR_B                   ; NONE                 ; Untyped        ;
; ADDRESS_ACLR_B                     ; NONE                 ; Untyped        ;
; OUTDATA_ACLR_B                     ; NONE                 ; Untyped        ;
; RDCONTROL_ACLR_B                   ; NONE                 ; Untyped        ;
; BYTEENA_ACLR_B                     ; NONE                 ; Untyped        ;
; WIDTH_BYTEENA_A                    ; 1                    ; Untyped        ;
; WIDTH_BYTEENA_B                    ; 1                    ; Untyped        ;
; RAM_BLOCK_TYPE                     ; AUTO                 ; Untyped        ;
; BYTE_SIZE                          ; 8                    ; Untyped        ;
; READ_DURING_WRITE_MODE_MIXED_PORTS ; OLD_DATA             ; Untyped        ;
; READ_DURING_WRITE_MODE_PORT_A      ; NEW_DATA_NO_NBE_READ ; Untyped        ;
; READ_DURING_WRITE_MODE_PORT_B      ; NEW_DATA_NO_NBE_READ ; Untyped        ;
; INIT_FILE                          ; UNUSED               ; Untyped        ;
; INIT_FILE_LAYOUT                   ; PORT_A               ; Untyped        ;
; MAXIMUM_DEPTH                      ; 0                    ; Untyped        ;
; CLOCK_ENABLE_INPUT_A               ; NORMAL               ; Untyped        ;
; CLOCK_ENABLE_INPUT_B               ; NORMAL               ; Untyped        ;
; CLOCK_ENABLE_OUTPUT_A              ; NORMAL               ; Untyped        ;
; CLOCK_ENABLE_OUTPUT_B              ; NORMAL               ; Untyped        ;
; CLOCK_ENABLE_CORE_A                ; USE_INPUT_CLKEN      ; Untyped        ;
; CLOCK_ENABLE_CORE_B                ; USE_INPUT_CLKEN      ; Untyped        ;
; ENABLE_ECC                         ; FALSE                ; Untyped        ;
; ECC_PIPELINE_STAGE_ENABLED         ; FALSE                ; Untyped        ;
; WIDTH_ECCSTATUS                    ; 3                    ; Untyped        ;
; DEVICE_FAMILY                      ; Cyclone IV E         ; Untyped        ;
; CBXI_PARAMETER                     ; altsyncram_m2h1      ; Untyped        ;
+------------------------------------+----------------------+----------------+
Note: In order to hide this table in the UI and the text report file, please set the "Show Parameter Settings in Synthesis Report" option in "Analysis and Synthesis Settings -> More Settings" to "Off".


+-------------------------------------------------------------------------+
; altpll Parameter Settings by Entity Instance                            ;
+-------------------------------+-----------------------------------------+
; Name                          ; Value                                   ;
+-------------------------------+-----------------------------------------+
; Number of entity instances    ; 1                                       ;
; Entity Instance               ; PLL_clk10MHz:U0|altpll:altpll_component ;
;     -- OPERATION_MODE         ; NORMAL                                  ;
;     -- PLL_TYPE               ; AUTO                                    ;
;     -- PRIMARY_CLOCK          ; INCLK0                                  ;
;     -- INCLK0_INPUT_FREQUENCY ; 20000                                   ;
;     -- INCLK1_INPUT_FREQUENCY ; 0                                       ;
;     -- VCO_MULTIPLY_BY        ; 0                                       ;
;     -- VCO_DIVIDE_BY          ; 0                                       ;
+-------------------------------+-----------------------------------------+


+--------------------------------------------------------------------+
; altsyncram Parameter Settings by Entity Instance                   ;
+-------------------------------------------+------------------------+
; Name                                      ; Value                  ;
+-------------------------------------------+------------------------+
; Number of entity instances                ; 1                      ;
; Entity Instance                           ; altsyncram:charf_rtl_0 ;
;     -- OPERATION_MODE                     ; DUAL_PORT              ;
;     -- WIDTH_A                            ; 3                      ;
;     -- NUMWORDS_A                         ; 4800                   ;
;     -- OUTDATA_REG_A                      ; UNREGISTERED           ;
;     -- WIDTH_B                            ; 3                      ;
;     -- NUMWORDS_B                         ; 4800                   ;
;     -- ADDRESS_REG_B                      ; CLOCK0                 ;
;     -- OUTDATA_REG_B                      ; UNREGISTERED           ;
;     -- RAM_BLOCK_TYPE                     ; AUTO                   ;
;     -- READ_DURING_WRITE_MODE_MIXED_PORTS ; OLD_DATA               ;
+-------------------------------------------+------------------------+


+---------------------------------------------------------------------------------------------------------------------------------------------------+
; Port Connectivity Checks: "ps2:u1|hex:hex_inst_4"                                                                                                 ;
+------+--------+----------+------------------------------------------------------------------------------------------------------------------------+
; Port ; Type   ; Severity ; Details                                                                                                                ;
+------+--------+----------+------------------------------------------------------------------------------------------------------------------------+
; out  ; Output ; Warning  ; Output or bidir port (7 bits) is wider than the port expression (1 bits) it drives; bit(s) "out[6..1]" have no fanouts ;
+------+--------+----------+------------------------------------------------------------------------------------------------------------------------+


+---------------------------------------------------------------------------------------------------------------------------------------------------+
; Port Connectivity Checks: "ps2:u1|hex:hex_inst_3"                                                                                                 ;
+------+--------+----------+------------------------------------------------------------------------------------------------------------------------+
; Port ; Type   ; Severity ; Details                                                                                                                ;
+------+--------+----------+------------------------------------------------------------------------------------------------------------------------+
; out  ; Output ; Warning  ; Output or bidir port (7 bits) is wider than the port expression (1 bits) it drives; bit(s) "out[6..1]" have no fanouts ;
+------+--------+----------+------------------------------------------------------------------------------------------------------------------------+


+---------------------------------------------------------------------------------------------------------------------------------------------------+
; Port Connectivity Checks: "ps2:u1|hex:hex_inst_2"                                                                                                 ;
+------+--------+----------+------------------------------------------------------------------------------------------------------------------------+
; Port ; Type   ; Severity ; Details                                                                                                                ;
+------+--------+----------+------------------------------------------------------------------------------------------------------------------------+
; out  ; Output ; Warning  ; Output or bidir port (7 bits) is wider than the port expression (1 bits) it drives; bit(s) "out[6..1]" have no fanouts ;
+------+--------+----------+------------------------------------------------------------------------------------------------------------------------+


+---------------------------------------------------------------------------------------------------------------------------------------------------+
; Port Connectivity Checks: "ps2:u1|hex:hex_inst_1"                                                                                                 ;
+------+--------+----------+------------------------------------------------------------------------------------------------------------------------+
; Port ; Type   ; Severity ; Details                                                                                                                ;
+------+--------+----------+------------------------------------------------------------------------------------------------------------------------+
; out  ; Output ; Warning  ; Output or bidir port (7 bits) is wider than the port expression (1 bits) it drives; bit(s) "out[6..1]" have no fanouts ;
+------+--------+----------+------------------------------------------------------------------------------------------------------------------------+


+-------------------------------------------------------------------------------------------------------------------------------------------------------------------------------------------------------------------+
; Port Connectivity Checks: "ps2:u1"                                                                                                                                                                                ;
+-----------+-------+----------+------------------------------------------------------------------------------------------------------------------------------------------------------------------------------------+
; Port      ; Type  ; Severity ; Details                                                                                                                                                                            ;
+-----------+-------+----------+------------------------------------------------------------------------------------------------------------------------------------------------------------------------------------+
; rst_n     ; Input ; Warning  ; Input port expression (32 bits) is wider than the input port (1 bits) it drives.  The 31 most-significant bit(s) in the expression will be dangling if they have no other fanouts. ;
; rst_n[-1] ; Input ; Info     ; Stuck at VCC                                                                                                                                                                       ;
+-----------+-------+----------+------------------------------------------------------------------------------------------------------------------------------------------------------------------------------------+


+---------------------------------------------------------------------------------------------------------------------------------------------------------------------------------------------------------------------+
; Port Connectivity Checks: "vga:u0"                                                                                                                                                                                  ;
+------------+--------+----------+------------------------------------------------------------------------------------------------------------------------------------------------------------------------------------+
; Port       ; Type   ; Severity ; Details                                                                                                                                                                            ;
+------------+--------+----------+------------------------------------------------------------------------------------------------------------------------------------------------------------------------------------+
; rst        ; Input  ; Warning  ; Input port expression (32 bits) is wider than the input port (1 bits) it drives.  The 31 most-significant bit(s) in the expression will be dangling if they have no other fanouts. ;
; rst[-1]    ; Input  ; Info     ; Stuck at GND                                                                                                                                                                       ;
; hpos[9..6] ; Output ; Info     ; Connected to dangling logic. Logic that only feeds a dangling port will be removed.                                                                                                ;
; hpos[2..0] ; Output ; Info     ; Connected to dangling logic. Logic that only feeds a dangling port will be removed.                                                                                                ;
; vpos[2..0] ; Output ; Info     ; Connected to dangling logic. Logic that only feeds a dangling port will be removed.                                                                                                ;
; pixel_clk  ; Output ; Warning  ; Declared by entity but not connected by instance. Logic that only feeds a dangling port will be removed.                                                                           ;
+------------+--------+----------+------------------------------------------------------------------------------------------------------------------------------------------------------------------------------------+


+-----------------------------------------------------+
; Post-Synthesis Netlist Statistics for Top Partition ;
+-----------------------+-----------------------------+
; Type                  ; Count                       ;
+-----------------------+-----------------------------+
; boundary_port         ; 24                          ;
; cycloneiii_ff         ; 158                         ;
;     ENA               ; 95                          ;
;     plain             ; 63                          ;
; cycloneiii_io_obuf    ; 2                           ;
; cycloneiii_lcell_comb ; 264                         ;
;     arith             ; 71                          ;
;         2 data inputs ; 70                          ;
;         3 data inputs ; 1                           ;
;     normal            ; 193                         ;
;         0 data inputs ; 1                           ;
;         1 data inputs ; 14                          ;
;         2 data inputs ; 43                          ;
;         3 data inputs ; 29                          ;
;         4 data inputs ; 106                         ;
; cycloneiii_pll        ; 1                           ;
; cycloneiii_ram_block  ; 3                           ;
;                       ;                             ;
; Max LUT depth         ; 7.80                        ;
; Average LUT depth     ; 3.94                        ;
+-----------------------+-----------------------------+


+-------------------------------+
; Elapsed Time Per Partition    ;
+----------------+--------------+
; Partition Name ; Elapsed Time ;
+----------------+--------------+
; Top            ; 00:00:01     ;
+----------------+--------------+


+-------------------------------+
; Analysis & Synthesis Messages ;
+-------------------------------+
Info: *******************************************************************
Info: Running Quartus Prime Analysis & Synthesis
    Info: Version 23.1std.1 Build 993 05/14/2024 SC Lite Edition
    Info: Processing started: Mon Jan 13 23:10:41 2025
Info: Command: quartus_map --read_settings_files=on --write_settings_files=off SimVGA -c SimVGA
Warning (18236): Number of processors has not been specified which may cause overloading on shared machines.  Set the global assignment NUM_PARALLEL_PROCESSORS in your QSF to an appropriate value for best performance.
Info (20030): Parallel compilation is enabled and will use 16 of the 16 processors detected
Info (12021): Found 1 design units, including 1 entities, in source file pll_clk10mhz.v
    Info (12023): Found entity 1: PLL_clk10MHz File: C:/projects/SimVGA/PLL_clk10MHz.v Line: 40
Info (12021): Found 1 design units, including 1 entities, in source file simvga.sv
    Info (12023): Found entity 1: SimVGA File: C:/projects/SimVGA/SimVGA.sv Line: 1
Info (12021): Found 1 design units, including 1 entities, in source file vga.sv
    Info (12023): Found entity 1: vga File: C:/projects/SimVGA/vga.sv Line: 5
Info (12021): Found 1 design units, including 1 entities, in source file vram.v
    Info (12023): Found entity 1: vRam File: C:/projects/SimVGA/vRam.v Line: 40
Info (12127): Elaborating entity "SimVGA" for the top level hierarchy
Warning (10230): Verilog HDL assignment warning at SimVGA.sv(93): truncated value with size 32 to match size of target (3) File: C:/projects/SimVGA/SimVGA.sv Line: 93
Info (12128): Elaborating entity "PLL_clk10MHz" for hierarchy "PLL_clk10MHz:U0" File: C:/projects/SimVGA/SimVGA.sv Line: 21
Info (12128): Elaborating entity "altpll" for hierarchy "PLL_clk10MHz:U0|altpll:altpll_component" File: C:/projects/SimVGA/PLL_clk10MHz.v Line: 91
Info (12130): Elaborated megafunction instantiation "PLL_clk10MHz:U0|altpll:altpll_component" File: C:/projects/SimVGA/PLL_clk10MHz.v Line: 91
Info (12133): Instantiated megafunction "PLL_clk10MHz:U0|altpll:altpll_component" with the following parameter: File: C:/projects/SimVGA/PLL_clk10MHz.v Line: 91
    Info (12134): Parameter "bandwidth_type" = "AUTO"
    Info (12134): Parameter "clk0_divide_by" = "2"
    Info (12134): Parameter "clk0_duty_cycle" = "50"
    Info (12134): Parameter "clk0_multiply_by" = "1"
    Info (12134): Parameter "clk0_phase_shift" = "0"
    Info (12134): Parameter "compensate_clock" = "CLK0"
    Info (12134): Parameter "inclk0_input_frequency" = "20000"
    Info (12134): Parameter "intended_device_family" = "Cyclone IV E"
    Info (12134): Parameter "lpm_hint" = "CBX_MODULE_PREFIX=PLL_clk10MHz"
    Info (12134): Parameter "lpm_type" = "altpll"
    Info (12134): Parameter "operation_mode" = "NORMAL"
    Info (12134): Parameter "pll_type" = "AUTO"
    Info (12134): Parameter "port_activeclock" = "PORT_UNUSED"
    Info (12134): Parameter "port_areset" = "PORT_UNUSED"
    Info (12134): Parameter "port_clkbad0" = "PORT_UNUSED"
    Info (12134): Parameter "port_clkbad1" = "PORT_UNUSED"
    Info (12134): Parameter "port_clkloss" = "PORT_UNUSED"
    Info (12134): Parameter "port_clkswitch" = "PORT_UNUSED"
    Info (12134): Parameter "port_configupdate" = "PORT_UNUSED"
    Info (12134): Parameter "port_fbin" = "PORT_UNUSED"
    Info (12134): Parameter "port_inclk0" = "PORT_USED"
    Info (12134): Parameter "port_inclk1" = "PORT_UNUSED"
    Info (12134): Parameter "port_locked" = "PORT_UNUSED"
    Info (12134): Parameter "port_pfdena" = "PORT_UNUSED"
    Info (12134): Parameter "port_phasecounterselect" = "PORT_UNUSED"
    Info (12134): Parameter "port_phasedone" = "PORT_UNUSED"
    Info (12134): Parameter "port_phasestep" = "PORT_UNUSED"
    Info (12134): Parameter "port_phaseupdown" = "PORT_UNUSED"
    Info (12134): Parameter "port_pllena" = "PORT_UNUSED"
    Info (12134): Parameter "port_scanaclr" = "PORT_UNUSED"
    Info (12134): Parameter "port_scanclk" = "PORT_UNUSED"
    Info (12134): Parameter "port_scanclkena" = "PORT_UNUSED"
    Info (12134): Parameter "port_scandata" = "PORT_UNUSED"
    Info (12134): Parameter "port_scandataout" = "PORT_UNUSED"
    Info (12134): Parameter "port_scandone" = "PORT_UNUSED"
    Info (12134): Parameter "port_scanread" = "PORT_UNUSED"
    Info (12134): Parameter "port_scanwrite" = "PORT_UNUSED"
    Info (12134): Parameter "port_clk0" = "PORT_USED"
    Info (12134): Parameter "port_clk1" = "PORT_UNUSED"
    Info (12134): Parameter "port_clk2" = "PORT_UNUSED"
    Info (12134): Parameter "port_clk3" = "PORT_UNUSED"
    Info (12134): Parameter "port_clk4" = "PORT_UNUSED"
    Info (12134): Parameter "port_clk5" = "PORT_UNUSED"
    Info (12134): Parameter "port_clkena0" = "PORT_UNUSED"
    Info (12134): Parameter "port_clkena1" = "PORT_UNUSED"
    Info (12134): Parameter "port_clkena2" = "PORT_UNUSED"
    Info (12134): Parameter "port_clkena3" = "PORT_UNUSED"
    Info (12134): Parameter "port_clkena4" = "PORT_UNUSED"
    Info (12134): Parameter "port_clkena5" = "PORT_UNUSED"
    Info (12134): Parameter "port_extclk0" = "PORT_UNUSED"
    Info (12134): Parameter "port_extclk1" = "PORT_UNUSED"
    Info (12134): Parameter "port_extclk2" = "PORT_UNUSED"
    Info (12134): Parameter "port_extclk3" = "PORT_UNUSED"
    Info (12134): Parameter "width_clock" = "5"
Info (12021): Found 1 design units, including 1 entities, in source file db/pll_clk10mhz_altpll.v
    Info (12023): Found entity 1: PLL_clk10MHz_altpll File: C:/projects/SimVGA/db/pll_clk10mhz_altpll.v Line: 30
Info (12128): Elaborating entity "PLL_clk10MHz_altpll" for hierarchy "PLL_clk10MHz:U0|altpll:altpll_component|PLL_clk10MHz_altpll:auto_generated" File: c:/intelfpga_lite/23.1std/quartus/libraries/megafunctions/altpll.tdf Line: 898
Info (12128): Elaborating entity "vga" for hierarchy "vga:u0" File: C:/projects/SimVGA/SimVGA.sv Line: 32
Warning (10230): Verilog HDL assignment warning at vga.sv(94): truncated value with size 32 to match size of target (4) File: C:/projects/SimVGA/vga.sv Line: 94
Warning (12125): Using design file ps2.sv, which is not specified as a design file for the current project, but contains definitions for 1 design units and 1 entities in project
    Info (12023): Found entity 1: ps2 File: C:/projects/SimVGA/ps2.sv Line: 1
Info (12128): Elaborating entity "ps2" for hierarchy "ps2:u1" File: C:/projects/SimVGA/SimVGA.sv Line: 41
Warning (12125): Using design file hex.sv, which is not specified as a design file for the current project, but contains definitions for 1 design units and 1 entities in project
    Info (12023): Found entity 1: hex File: C:/projects/SimVGA/hex.sv Line: 1
Info (12128): Elaborating entity "hex" for hierarchy "ps2:u1|hex:hex_inst_1" File: C:/projects/SimVGA/ps2.sv Line: 38
Warning (12125): Using design file deb.sv, which is not specified as a design file for the current project, but contains definitions for 1 design units and 1 entities in project
    Info (12023): Found entity 1: deb File: C:/projects/SimVGA/deb.sv Line: 1
Warning (10236): Verilog HDL Implicit Net warning at deb.sv(19): created implicit net for "in_changed" File: C:/projects/SimVGA/deb.sv Line: 19
Warning (10236): Verilog HDL Implicit Net warning at deb.sv(20): created implicit net for "in_stable" File: C:/projects/SimVGA/deb.sv Line: 20
Info (12128): Elaborating entity "deb" for hierarchy "ps2:u1|deb:deb_inst" File: C:/projects/SimVGA/ps2.sv Line: 84
Info (19000): Inferred 1 megafunctions from design logic
    Info (276029): Inferred altsyncram megafunction from the following design logic: "charf_rtl_0" 
        Info (286033): Parameter OPERATION_MODE set to DUAL_PORT
        Info (286033): Parameter WIDTH_A set to 3
        Info (286033): Parameter WIDTHAD_A set to 13
        Info (286033): Parameter NUMWORDS_A set to 4800
        Info (286033): Parameter WIDTH_B set to 3
        Info (286033): Parameter WIDTHAD_B set to 13
        Info (286033): Parameter NUMWORDS_B set to 4800
        Info (286033): Parameter ADDRESS_ACLR_A set to NONE
        Info (286033): Parameter OUTDATA_REG_B set to UNREGISTERED
        Info (286033): Parameter ADDRESS_ACLR_B set to NONE
        Info (286033): Parameter OUTDATA_ACLR_B set to NONE
        Info (286033): Parameter ADDRESS_REG_B set to CLOCK0
        Info (286033): Parameter INDATA_ACLR_A set to NONE
        Info (286033): Parameter WRCONTROL_ACLR_A set to NONE
        Info (286033): Parameter READ_DURING_WRITE_MODE_MIXED_PORTS set to OLD_DATA
Info (12130): Elaborated megafunction instantiation "altsyncram:charf_rtl_0"
Info (12133): Instantiated megafunction "altsyncram:charf_rtl_0" with the following parameter:
    Info (12134): Parameter "OPERATION_MODE" = "DUAL_PORT"
    Info (12134): Parameter "WIDTH_A" = "3"
    Info (12134): Parameter "WIDTHAD_A" = "13"
    Info (12134): Parameter "NUMWORDS_A" = "4800"
    Info (12134): Parameter "WIDTH_B" = "3"
    Info (12134): Parameter "WIDTHAD_B" = "13"
    Info (12134): Parameter "NUMWORDS_B" = "4800"
    Info (12134): Parameter "ADDRESS_ACLR_A" = "NONE"
    Info (12134): Parameter "OUTDATA_REG_B" = "UNREGISTERED"
    Info (12134): Parameter "ADDRESS_ACLR_B" = "NONE"
    Info (12134): Parameter "OUTDATA_ACLR_B" = "NONE"
    Info (12134): Parameter "ADDRESS_REG_B" = "CLOCK0"
    Info (12134): Parameter "INDATA_ACLR_A" = "NONE"
    Info (12134): Parameter "WRCONTROL_ACLR_A" = "NONE"
    Info (12134): Parameter "READ_DURING_WRITE_MODE_MIXED_PORTS" = "OLD_DATA"
Info (12021): Found 1 design units, including 1 entities, in source file db/altsyncram_m2h1.tdf
    Info (12023): Found entity 1: altsyncram_m2h1 File: C:/projects/SimVGA/db/altsyncram_m2h1.tdf Line: 28
Warning (12241): 6 hierarchies have connectivity warnings - see the Connectivity Checks report folder
Warning (13039): The following bidirectional pins have no drivers
    Warning (13040): bidirectional pin "ps_clk" has no driver File: C:/projects/SimVGA/SimVGA.sv Line: 7
    Warning (13040): bidirectional pin "ps_data" has no driver File: C:/projects/SimVGA/SimVGA.sv Line: 8
Warning (13024): Output pins are stuck at VCC or GND
    Warning (13410): Pin "code[1]" is stuck at GND File: C:/projects/SimVGA/SimVGA.sv Line: 11
    Warning (13410): Pin "code[2]" is stuck at GND File: C:/projects/SimVGA/SimVGA.sv Line: 11
    Warning (13410): Pin "code[3]" is stuck at GND File: C:/projects/SimVGA/SimVGA.sv Line: 11
    Warning (13410): Pin "code[4]" is stuck at GND File: C:/projects/SimVGA/SimVGA.sv Line: 11
    Warning (13410): Pin "code[5]" is stuck at GND File: C:/projects/SimVGA/SimVGA.sv Line: 11
    Warning (13410): Pin "code[6]" is stuck at GND File: C:/projects/SimVGA/SimVGA.sv Line: 11
Info (286030): Timing-Driven Synthesis is running
Info (17049): 2 registers lost all their fanouts during netlist optimizations.
Info (144001): Generated suppressed messages file C:/projects/SimVGA/output_files/SimVGA.map.smsg
Info (16010): Generating hard_block partition "hard_block:auto_generated_inst"
    Info (16011): Adding 1 node(s), including 0 DDIO, 1 PLL, 0 transceiver and 0 LCELL
Info (21057): Implemented 326 device resources after synthesis - the final resource count might be different
    Info (21058): Implemented 2 input pins
    Info (21059): Implemented 20 output pins
    Info (21060): Implemented 2 bidirectional pins
    Info (21061): Implemented 298 logic cells
    Info (21064): Implemented 3 RAM segments
    Info (21065): Implemented 1 PLLs
Info: Quartus Prime Analysis & Synthesis was successful. 0 errors, 19 warnings
    Info: Peak virtual memory: 4852 megabytes
    Info: Processing ended: Mon Jan 13 23:10:52 2025
    Info: Elapsed time: 00:00:11
    Info: Total CPU time (on all processors): 00:00:29


+------------------------------------------+
; Analysis & Synthesis Suppressed Messages ;
+------------------------------------------+
The suppressed messages can be found in C:/projects/SimVGA/output_files/SimVGA.map.smsg.


