Flow report for SimVGA
Mon Jan 13 23:11:04 2025
Quartus Prime Version 23.1std.1 Build 993 05/14/2024 SC Lite Edition


---------------------
; Table of Contents ;
---------------------
  1. Legal Notice
  2. Flow Summary
  3. Flow Settings
  4. Flow Non-Default Global Settings
  5. Flow Elapsed Time
  6. Flow OS Summary
  7. Flow Log
  8. Flow Messages
  9. Flow Suppressed Messages



----------------
; Legal Notice ;
----------------
Copyright (C) 2024  Intel Corporation. All rights reserved.
Your use of Intel Corporation's design tools, logic functions 
and other software and tools, and any partner logic 
functions, and any output files from any of the foregoing 
(including device programming or simulation files), and any 
associated documentation or information are expressly subject 
to the terms and conditions of the Intel Program License 
Subscription Agreement, the Intel Quartus Prime License Agreement,
the Intel FPGA IP License Agreement, or other applicable license
agreement, including, without limitation, that your use is for
the sole purpose of programming logic devices manufactured by
Intel and sold by Intel or its authorized distributors.  Please
refer to the applicable agreement for further details, at
https://fpgasoftware.intel.com/eula.



+-------------------------------------------------------------------------------------+
; Flow Summary                                                                        ;
+------------------------------------+------------------------------------------------+
; Flow Status                        ; Successful - Mon Jan 13 23:11:04 2025          ;
; Quartus Prime Version              ; 23.1std.1 Build 993 05/14/2024 SC Lite Edition ;
; Revision Name                      ; SimVGA                                         ;
; Top-level Entity Name              ; SimVGA                                         ;
; Family                             ; Cyclone IV E                                   ;
; Device                             ; EP4CE6E22C8                                    ;
; Timing Models                      ; Final                                          ;
; Total logic elements               ; 273 / 6,272 ( 4 % )                            ;
;     Total combinational functions  ; 260 / 6,272 ( 4 % )                            ;
;     Dedicated logic registers      ; 158 / 6,272 ( 3 % )                            ;
; Total registers                    ; 158                                            ;
; Total pins                         ; 24 / 92 ( 26 % )                               ;
; Total virtual pins                 ; 0                                              ;
; Total memory bits                  ; 14,400 / 276,480 ( 5 % )                       ;
; Embedded Multiplier 9-bit elements ; 0 / 30 ( 0 % )                                 ;
; Total PLLs                         ; 1 / 2 ( 50 % )                                 ;
+------------------------------------+------------------------------------------------+


+-----------------------------------------+
; Flow Settings                           ;
+-------------------+---------------------+
; Option            ; Setting             ;
+-------------------+---------------------+
; Start date & time ; 01/13/2025 23:10:41 ;
; Main task         ; Compilation         ;
; Revision Name     ; SimVGA              ;
+-------------------+---------------------+


+------------------------------------------------------------------------------------------------------------------------------------------------+
; Flow Non-Default Global Settings                                                                                                               ;
+-------------------------------------+----------------------------------------+---------------+-------------+-----------------------------------+
; Assignment Name                     ; Value                                  ; Default Value ; Entity Name ; Section Id                        ;
+-------------------------------------+----------------------------------------+---------------+-------------+-----------------------------------+
; AUTO_RAM_TO_LCELL_CONVERSION        ; On                                     ; Off           ; --          ; --                                ;
; AUTO_RESOURCE_SHARING               ; On                                     ; Off           ; --          ; --                                ;
; COMPILER_SIGNATURE_ID               ; 2544449756291.173679904117556          ; --            ; --          ; --                                ;
; EDA_GENERATE_FUNCTIONAL_NETLIST     ; Off                                    ; --            ; --          ; eda_board_design_timing           ;
; EDA_GENERATE_FUNCTIONAL_NETLIST     ; Off                                    ; --            ; --          ; eda_board_design_boundary_scan    ;
; EDA_GENERATE_FUNCTIONAL_NETLIST     ; Off                                    ; --            ; --          ; eda_board_design_signal_integrity ;
; EDA_GENERATE_FUNCTIONAL_NETLIST     ; Off                                    ; --            ; --          ; eda_board_design_symbol           ;
; EDA_OUTPUT_DATA_FORMAT              ; Systemverilog Hdl                      ; --            ; --          ; eda_simulation                    ;
; EDA_SIMULATION_TOOL                 ; Questa Intel FPGA (SystemVerilog)      ; <None>        ; --          ; --                                ;
; EDA_TIME_SCALE                      ; 1 ps                                   ; --            ; --          ; eda_simulation                    ;
; MAX_CORE_JUNCTION_TEMP              ; 85                                     ; --            ; --          ; --                                ;
; MIN_CORE_JUNCTION_TEMP              ; 0                                      ; --            ; --          ; --                                ;
; MISC_FILE                           ; PLL_clk10MHz_inst.v                    ; --            ; --          ; --                                ;
; MISC_FILE                           ; PLL_clk10MHz_bb.v                      ; --            ; --          ; --                                ;
; MISC_FILE                           ; PLL_clk10MHz.ppf                       ; --            ; --          ; --                                ;
; MISC_FILE                           ; vRam_bb.v                              ; --            ; --          ; --                                ;
; NOMINAL_CORE_SUPPLY_VOLTAGE         ; 1.2V                                   ; --            ; --          ; --                                ;
; OUTPUT_IO_TIMING_FAR_END_VMEAS      ; Half Signal Swing                      ; --            ; --          ; --                                ;
; OUTPUT_IO_TIMING_FAR_END_VMEAS      ; Half Signal Swing                      ; --            ; --          ; --                                ;
; OUTPUT_IO_TIMING_NEAR_END_VMEAS     ; Half Vccio                             ; --            ; --          ; --                                ;
; OUTPUT_IO_TIMING_NEAR_END_VMEAS     ; Half Vccio                             ; --            ; --          ; --                                ;
; PARTITION_COLOR                     ; -- (Not supported for targeted family) ; --            ; --          ; Top                               ;
; PARTITION_FITTER_PRESERVATION_LEVEL ; -- (Not supported for targeted family) ; --            ; --          ; Top                               ;
; PARTITION_NETLIST_TYPE              ; -- (Not supported for targeted family) ; --            ; --          ; Top                               ;
; POWER_BOARD_THERMAL_MODEL           ; None (CONSERVATIVE)                    ; --            ; --          ; --                                ;
; POWER_PRESET_COOLING_SOLUTION       ; 23 MM HEAT SINK WITH 200 LFPM AIRFLOW  ; --            ; --          ; --                                ;
; PROJECT_OUTPUT_DIRECTORY            ; output_files                           ; --            ; --          ; --                                ;
; VERILOG_INPUT_VERSION               ; SystemVerilog_2005                     ; Verilog_2001  ; --          ; --                                ;
; VERILOG_SHOW_LMF_MAPPING_MESSAGES   ; Off                                    ; --            ; --          ; --                                ;
+-------------------------------------+----------------------------------------+---------------+-------------+-----------------------------------+


+--------------------------------------------------------------------------------------------------------------------------+
; Flow Elapsed Time                                                                                                        ;
+----------------------+--------------+-------------------------+---------------------+------------------------------------+
; Module Name          ; Elapsed Time ; Average Processors Used ; Peak Virtual Memory ; Total CPU Time (on all processors) ;
+----------------------+--------------+-------------------------+---------------------+------------------------------------+
; Analysis & Synthesis ; 00:00:11     ; 1.0                     ; 4852 MB             ; 00:00:29                           ;
; Fitter               ; 00:00:05     ; 1.2                     ; 6494 MB             ; 00:00:07                           ;
; Assembler            ; 00:00:01     ; 1.0                     ; 4708 MB             ; 00:00:01                           ;
; Timing Analyzer      ; 00:00:02     ; 1.2                     ; 4876 MB             ; 00:00:02                           ;
; EDA Netlist Writer   ; 00:00:00     ; 1.0                     ; 4658 MB             ; 00:00:01                           ;
; Total                ; 00:00:19     ; --                      ; --                  ; 00:00:40                           ;
+----------------------+--------------+-------------------------+---------------------+------------------------------------+


+------------------------------------------------------------------------------------+
; Flow OS Summary                                                                    ;
+----------------------+------------------+------------+------------+----------------+
; Module Name          ; Machine Hostname ; OS Name    ; OS Version ; Processor type ;
+----------------------+------------------+------------+------------+----------------+
; Analysis & Synthesis ; WIN-3BL02BD07Q4  ; Windows 10 ; 10.0       ; x86_64         ;
; Fitter               ; WIN-3BL02BD07Q4  ; Windows 10 ; 10.0       ; x86_64         ;
; Assembler            ; WIN-3BL02BD07Q4  ; Windows 10 ; 10.0       ; x86_64         ;
; Timing Analyzer      ; WIN-3BL02BD07Q4  ; Windows 10 ; 10.0       ; x86_64         ;
; EDA Netlist Writer   ; WIN-3BL02BD07Q4  ; Windows 10 ; 10.0       ; x86_64         ;
+----------------------+------------------+------------+------------+----------------+


------------
; Flow Log ;
------------
quartus_map --read_settings_files=on --write_settings_files=off SimVGA -c SimVGA
quartus_fit --read_settings_files=off --write_settings_files=off SimVGA -c SimVGA
quartus_asm --read_settings_files=off --write_settings_files=off SimVGA -c SimVGA
quartus_sta SimVGA -c SimVGA
quartus_eda --read_settings_files=off --write_settings_files=off SimVGA -c SimVGA



